+ set -e
+ rm -rf erc777-test-kompiled
+ kompile --backend java erc777-imp.k --syntax-module ERC777-IMP
+ krun --smt none tests/old/name.erc777 -o none
RVToken
+ krun --smt none tests/old/symbol.erc777 -o none
RVT
+ krun --smt none tests/old/granularity.erc777 -o none
1
+ krun --smt none tests/old/defaultOperators.erc777 -o none
defaultOperators() => 8 9 
+ krun --smt none tests/old/totalSupply.erc777 -o none
550
+ krun --smt none tests/old/balanceOf.erc777 -o none
Balance of 1 is 10
Balance of 8 is 80
Balance of 9 is 90
+ krun --smt none tests/old/isOperatorFor.erc777 -o none
isOperatorFor(1, 1) => true
isOperatorFor(2, 1) => false
isOperatorFor(9, 1) => true
+ krun --smt none tests/old/authorizeOperator.erc777 -o none
isOperatorFor(2, 1) => false
1 : authorizeOperator(2)
isOperatorFor(2, 1) => true
1 : revokeOperator(2)
isOperatorFor(2, 1) => false
3 : authorizeOperator(3)
REVERT
+ krun --smt none tests/old/revokeOperator.erc777 -o none
3 : revokeOperator(3)
REVERT
+ krun --smt none tests/old/send.erc777 -o none
3 : send(4, 1, "")
+ krun --smt none tests/old/operatorSend.erc777 -o none
8 : operatorSend(4, 5, 0, "", "")
3 : operatorSend(4, 5, 0, "", "")
REVERT
+ krun --smt none tests/old/operatorSend2.erc777 -o none
8 : operatorSend(4, 0, 0, "", "")
REVERT
